0 info it worked if it ends with ok
1 verbose cli [ '/usr/bin/nodejs', '/usr/bin/npm', 'run', 'deploy' ]
2 info using npm@3.5.2
3 info using node@v4.2.6
4 verbose run-script [ 'predeploy', 'deploy', 'postdeploy' ]
5 info lifecycle scotch-react-router@1.0.0~predeploy: scotch-react-router@1.0.0
6 verbose lifecycle scotch-react-router@1.0.0~predeploy: unsafe-perm in lifecycle true
7 verbose lifecycle scotch-react-router@1.0.0~predeploy: PATH: /usr/share/npm/bin/node-gyp-bin:/home/ukistu04/Documents/Uki-2/Coding2/React_js/reactApp2/react-routing-master/node_modules/.bin:/usr/local/sbin:/usr/local/bin:/usr/sbin:/usr/bin:/sbin:/bin:/snap/bin
8 verbose lifecycle scotch-react-router@1.0.0~predeploy: CWD: /home/ukistu04/Documents/Uki-2/Coding2/React_js/reactApp2/react-routing-master
9 silly lifecycle scotch-react-router@1.0.0~predeploy: Args: [ '-c', 'npm run build' ]
10 silly lifecycle scotch-react-router@1.0.0~predeploy: Returned: code: 0  signal: null
11 info lifecycle scotch-react-router@1.0.0~deploy: scotch-react-router@1.0.0
12 verbose lifecycle scotch-react-router@1.0.0~deploy: unsafe-perm in lifecycle true
13 verbose lifecycle scotch-react-router@1.0.0~deploy: PATH: /usr/share/npm/bin/node-gyp-bin:/home/ukistu04/Documents/Uki-2/Coding2/React_js/reactApp2/react-routing-master/node_modules/.bin:/usr/local/sbin:/usr/local/bin:/usr/sbin:/usr/bin:/sbin:/bin:/snap/bin
14 verbose lifecycle scotch-react-router@1.0.0~deploy: CWD: /home/ukistu04/Documents/Uki-2/Coding2/React_js/reactApp2/react-routing-master
15 silly lifecycle scotch-react-router@1.0.0~deploy: Args: [ '-c', 'gh-pages -d build' ]
16 silly lifecycle scotch-react-router@1.0.0~deploy: Returned: code: 1  signal: null
17 info lifecycle scotch-react-router@1.0.0~deploy: Failed to exec deploy script
18 verbose stack Error: scotch-react-router@1.0.0 deploy: `gh-pages -d build`
18 verbose stack Exit status 1
18 verbose stack     at EventEmitter.<anonymous> (/usr/share/npm/lib/utils/lifecycle.js:232:16)
18 verbose stack     at emitTwo (events.js:87:13)
18 verbose stack     at EventEmitter.emit (events.js:172:7)
18 verbose stack     at ChildProcess.<anonymous> (/usr/share/npm/lib/utils/spawn.js:24:14)
18 verbose stack     at emitTwo (events.js:87:13)
18 verbose stack     at ChildProcess.emit (events.js:172:7)
18 verbose stack     at maybeClose (internal/child_process.js:821:16)
18 verbose stack     at Process.ChildProcess._handle.onexit (internal/child_process.js:211:5)
19 verbose pkgid scotch-react-router@1.0.0
20 verbose cwd /home/ukistu04/Documents/Uki-2/Coding2/React_js/reactApp2/react-routing-master
21 error Linux 4.13.0-36-generic
22 error argv "/usr/bin/nodejs" "/usr/bin/npm" "run" "deploy"
23 error node v4.2.6
24 error npm  v3.5.2
25 error code ELIFECYCLE
26 error scotch-react-router@1.0.0 deploy: `gh-pages -d build`
26 error Exit status 1
27 error Failed at the scotch-react-router@1.0.0 deploy script 'gh-pages -d build'.
27 error Make sure you have the latest version of node.js and npm installed.
27 error If you do, this is most likely a problem with the scotch-react-router package,
27 error not with npm itself.
27 error Tell the author that this fails on your system:
27 error     gh-pages -d build
27 error You can get information on how to open an issue for this project with:
27 error     npm bugs scotch-react-router
27 error Or if that isn't available, you can get their info via:
27 error     npm owner ls scotch-react-router
27 error There is likely additional logging output above.
28 verbose exit [ 1, true ]
